<?xml version="1.0" encoding="UTF-8"?>
<testsuite xmlns:xsi="http://www.w3.org/2001/XMLSchema-instance" xsi:noNamespaceSchemaLocation="https://maven.apache.org/surefire/maven-surefire-plugin/xsd/surefire-test-report.xsd" name="com.yr.mysqlconn.AppTest" time="0.027" tests="1" errors="0" skipped="0" failures="0">
  <properties>
    <property name="user.variant" value=""/>
    <property name="java.vm.info" value="mixed mode, sharing"/>
    <property name="file.encoding.pkg" value="sun.io"/>
    <property name="file.encoding" value="GBK"/>
    <property name="java.specification.name" value="Java Platform API Specification"/>
    <property name="sun.os.patch.level" value=""/>
    <property name="user.dir" value="D:\gupaoworkspace\mic-vip-master-38f94e958298508a8b539a3bf119400d0c0ddbcd\2018\20180613-揭开分布式服务治理Dubbo的神秘面纱\mysqlconn"/>
    <property name="line.separator" value="&#10;"/>
    <property name="java.home" value="C:\Program Files (x86)\Java\jdk1.7.0_01\jre"/>
    <property name="user.name" value="niushengqiang"/>
    <property name="sun.boot.library.path" value="C:\Program Files (x86)\Java\jdk1.7.0_01\jre\bin"/>
    <property name="user.home" value="C:\Users\niushengqiang"/>
    <property name="localRepository" value="C:\Users\niushengqiang\.m2\repository"/>
    <property name="sun.java.launcher" value="SUN_STANDARD"/>
    <property name="java.class.version" value="51.0"/>
    <property name="user.language" value="zh"/>
    <property name="java.vendor.url.bug" value="http://bugreport.sun.com/bugreport/"/>
    <property name="sun.jnu.encoding" value="GBK"/>
    <property name="java.io.tmpdir" value="C:\Users\NIUSHE~1\AppData\Local\Temp\"/>
    <property name="java.specification.vendor" value="Oracle Corporation"/>
    <property name="file.separator" value="\"/>
    <property name="java.class.path" value="D:\gupaoworkspace\mic-vip-master-38f94e958298508a8b539a3bf119400d0c0ddbcd\2018\20180613-揭开分布式服务治理Dubbo的神秘面纱\mysqlconn\target\test-classes;D:\gupaoworkspace\mic-vip-master-38f94e958298508a8b539a3bf119400d0c0ddbcd\2018\20180613-揭开分布式服务治理Dubbo的神秘面纱\mysqlconn\target\classes;C:\Users\niushengqiang\.m2\repository\junit\junit\4.11\junit-4.11.jar;C:\Users\niushengqiang\.m2\repository\org\hamcrest\hamcrest-core\1.3\hamcrest-core-1.3.jar;C:\Users\niushengqiang\.m2\repository\com\yr\spitinterface\test\1.0-SNAPSHOT\test-1.0-SNAPSHOT.jar;"/>
    <property name="java.vm.vendor" value="Oracle Corporation"/>
    <property name="sun.cpu.endian" value="little"/>
    <property name="java.vm.specification.vendor" value="Oracle Corporation"/>
    <property name="java.specification.version" value="1.7"/>
    <property name="user.script" value=""/>
    <property name="awt.toolkit" value="sun.awt.windows.WToolkit"/>
    <property name="sun.java.command" value="C:\Users\NIUSHE~1\AppData\Local\Temp\surefire5017021945585153873\surefirebooter3214830827935099465.jar C:\Users\niushengqiang\AppData\Local\Temp\surefire5017021945585153873 2018-06-21T22-31-19_973-jvmRun1 surefire3889091467966052022tmp surefire_08252883628088052831tmp"/>
    <property name="user.timezone" value=""/>
    <property name="surefire.test.class.path" value="D:\gupaoworkspace\mic-vip-master-38f94e958298508a8b539a3bf119400d0c0ddbcd\2018\20180613-揭开分布式服务治理Dubbo的神秘面纱\mysqlconn\target\test-classes;D:\gupaoworkspace\mic-vip-master-38f94e958298508a8b539a3bf119400d0c0ddbcd\2018\20180613-揭开分布式服务治理Dubbo的神秘面纱\mysqlconn\target\classes;C:\Users\niushengqiang\.m2\repository\junit\junit\4.11\junit-4.11.jar;C:\Users\niushengqiang\.m2\repository\org\hamcrest\hamcrest-core\1.3\hamcrest-core-1.3.jar;C:\Users\niushengqiang\.m2\repository\com\yr\spitinterface\test\1.0-SNAPSHOT\test-1.0-SNAPSHOT.jar;"/>
    <property name="java.runtime.version" value="1.7.0_01-b08"/>
    <property name="java.vendor" value="Oracle Corporation"/>
    <property name="sun.management.compiler" value="HotSpot Client Compiler"/>
    <property name="sun.arch.data.model" value="32"/>
    <property name="os.arch" value="x86"/>
    <property name="sun.io.unicode.encoding" value="UnicodeLittle"/>
    <property name="java.awt.printerjob" value="sun.awt.windows.WPrinterJob"/>
    <property name="path.separator" value=";"/>
    <property name="java.runtime.name" value="Java(TM) SE Runtime Environment"/>
    <property name="java.vendor.url" value="http://java.oracle.com/"/>
    <property name="sun.boot.class.path" value="C:\Program Files (x86)\Java\jdk1.7.0_01\jre\lib\resources.jar;C:\Program Files (x86)\Java\jdk1.7.0_01\jre\lib\rt.jar;C:\Program Files (x86)\Java\jdk1.7.0_01\jre\lib\sunrsasign.jar;C:\Program Files (x86)\Java\jdk1.7.0_01\jre\lib\jsse.jar;C:\Program Files (x86)\Java\jdk1.7.0_01\jre\lib\jce.jar;C:\Program Files (x86)\Java\jdk1.7.0_01\jre\lib\charsets.jar;C:\Program Files (x86)\Java\jdk1.7.0_01\jre\classes"/>
    <property name="surefire.real.class.path" value="C:\Users\NIUSHE~1\AppData\Local\Temp\surefire5017021945585153873\surefirebooter3214830827935099465.jar"/>
    <property name="java.endorsed.dirs" value="C:\Program Files (x86)\Java\jdk1.7.0_01\jre\lib\endorsed"/>
    <property name="sun.desktop" value="windows"/>
    <property name="idea.version" value="2017.2.5"/>
    <property name="java.vm.version" value="21.1-b02"/>
    <property name="os.name" value="Windows NT (unknown)"/>
    <property name="java.vm.specification.version" value="1.7"/>
    <property name="sun.cpu.isalist" value="pentium_pro+mmx pentium_pro pentium+mmx pentium i486 i386 i86"/>
    <property name="java.version" value="1.7.0_01"/>
    <property name="java.vm.specification.name" value="Java Virtual Machine Specification"/>
    <property name="java.ext.dirs" value="C:\Program Files (x86)\Java\jdk1.7.0_01\jre\lib\ext;C:\WINDOWS\Sun\Java\lib\ext"/>
    <property name="os.version" value="6.2"/>
    <property name="basedir" value="D:\gupaoworkspace\mic-vip-master-38f94e958298508a8b539a3bf119400d0c0ddbcd\2018\20180613-揭开分布式服务治理Dubbo的神秘面纱\mysqlconn"/>
    <property name="java.library.path" value="C:\Program Files (x86)\Java\jdk1.7.0_01\jre\bin;C:\WINDOWS\Sun\Java\bin;C:\WINDOWS\system32;C:\WINDOWS;C:\Program Files (x86)\Common Files\Oracle\Java\javapath;C:\Program Files (x86)\Java\jdk1.7.0_01\\bin;C:\Program Files (x86)\Java\jdk1.7.0_01\\jre\bin;C:\Windows\system32;C:\Windows;C:\Windows\System32\Wbem;C:\Windows\System32\WindowsPowerShell\v1.0\;C:\Program Files (x86)\NVIDIA Corporation\PhysX\Common;C:\Program Files\Intel\WiFi\bin\;C:\Program Files\Common Files\Intel\WirelessCommon\;D:\apache-maven-3.3.9\bin;C:\Program Files (x86)\MySQL\MySQL Server 5.0\bin;C:\Program Files (x86)\Microsoft SQL Server\100\Tools\Binn\;C:\Program Files\Microsoft SQL Server\100\Tools\Binn\;C:\Program Files\Microsoft SQL Server\100\DTS\Binn\;C:\Program Files (x86)\Microsoft SQL Server\100\Tools\Binn\VSShell\Common7\IDE\;C:\Program Files (x86)\Microsoft Visual Studio 9.0\Common7\IDE\PrivateAssemblies\;C:\Program Files (x86)\Microsoft SQL Server\100\DTS\Binn\;C:\WINDOWS\system32;C:\WINDOWS;C:\WINDOWS\System32\Wbem;C:\WINDOWS\System32\WindowsPowerShell\v1.0\;C:\Program Files\TortoiseGit\bin;C:\Users\niushengqiang\AppData\Local\Microsoft\WindowsApps;C:\Users\niushengqiang\AppData\Local\GitHubDesktop\bin;."/>
    <property name="java.awt.graphicsenv" value="sun.awt.Win32GraphicsEnvironment"/>
    <property name="java.vm.name" value="Java HotSpot(TM) Client VM"/>
    <property name="user.country" value="CN"/>
  </properties>
  <testcase name="shouldAnswerWithTrue" classname="com.yr.mysqlconn.AppTest" time="0.002"/>
</testsuite>